{"meta": {"format": 3, "version": "7.15.0", "timestamp": "2026-07-06T13:58:37.750972", "branch_coverage": false, "show_contexts": false}, "files": {"src/testsentry/__init__.py": {"executed_lines": [], "summary": {"covered_lines": 0, "num_statements": 0, "percent_covered": 100.0, "percent_covered_display": "100", "missing_lines": 0, "excluded_lines": 0, "percent_statements_covered": 100.0, "percent_statements_covered_display": "100"}, "missing_lines": [], "excluded_lines": [], "functions": {"": {"executed_lines": [], "summary": {"covered_lines": 0, "num_statements": 0, "percent_covered": 100.0, "percent_covered_display": "100", "missing_lines": 0, "excluded_lines": 0, "percent_statements_covered": 100.0, "percent_statements_covered_display": "100"}, "missing_lines": [], "excluded_lines": [], "start_line": 1}}, "classes": {"": {"executed_lines": [], "summary": {"covered_lines": 0, "num_statements": 0, "percent_covered": 100.0, "percent_covered_display": "100", "missing_lines": 0, "excluded_lines": 0, "percent_statements_covered": 100.0, "percent_statements_covered_display": "100"}, "missing_lines": [], "excluded_lines": [], "start_line": 1}}}, "src/testsentry/ai_triage.py": {"executed_lines": [58, 59, 61, 62, 63, 65, 66], "summary": {"covered_lines": 7, "num_statements": 73, "percent_covered": 9.58904109589041, "percent_covered_display": "10", "missing_lines": 66, "excluded_lines": 0, "percent_statements_covered": 9.58904109589041, "percent_statements_covered_display": "10"}, "missing_lines": [1, 2, 3, 4, 5, 6, 7, 8, 10, 11, 13, 14, 17, 20, 21, 22, 23, 24, 27, 34, 35, 36, 38, 41, 43, 44, 47, 69, 72, 73, 74, 75, 78, 79, 84, 88, 89, 90, 92, 95, 97, 98, 99, 101, 128, 131, 132, 133, 134, 137, 147, 150, 151, 157, 164, 165, 166, 169, 170, 171, 172, 174, 176, 177, 178, 179], "excluded_lines": [], "functions": {"TriageResult.parse_confidence": {"executed_lines": [], "summary": {"covered_lines": 0, "num_statements": 1, "percent_covered": 0.0, "percent_covered_display": "0", "missing_lines": 1, "excluded_lines": 0, "percent_statements_covered": 0.0, "percent_statements_covered_display": "0"}, "missing_lines": [38], "excluded_lines": [], "start_line": 36}, "get_groq_client": {"executed_lines": [], "summary": {"covered_lines": 0, "num_statements": 2, "percent_covered": 0.0, "percent_covered_display": "0", "missing_lines": 2, "excluded_lines": 0, "percent_statements_covered": 0.0, "percent_statements_covered_display": "0"}, "missing_lines": [43, 44], "excluded_lines": [], "start_line": 41}, "triage_failure": {"executed_lines": [58, 59, 61, 62, 63, 65, 66], "summary": {"covered_lines": 7, "num_statements": 46, "percent_covered": 15.217391304347826, "percent_covered_display": "15", "missing_lines": 39, "excluded_lines": 0, "percent_statements_covered": 15.217391304347826, "percent_statements_covered_display": "15"}, "missing_lines": [69, 72, 73, 74, 75, 78, 79, 84, 88, 89, 90, 92, 95, 97, 98, 99, 101, 128, 131, 132, 133, 134, 137, 147, 150, 151, 157, 164, 165, 166, 169, 170, 171, 172, 174, 176, 177, 178, 179], "excluded_lines": [], "start_line": 47}, "": {"executed_lines": [], "summary": {"covered_lines": 0, "num_statements": 24, "percent_covered": 0.0, "percent_covered_display": "0", "missing_lines": 24, "excluded_lines": 0, "percent_statements_covered": 0.0, "percent_statements_covered_display": "0"}, "missing_lines": [1, 2, 3, 4, 5, 6, 7, 8, 10, 11, 13, 14, 17, 20, 21, 22, 23, 24, 27, 34, 35, 36, 41, 47], "excluded_lines": [], "start_line": 1}}, "classes": {"FailureCategory": {"executed_lines": [], "summary": {"covered_lines": 0, "num_statements": 0, "percent_covered": 100.0, "percent_covered_display": "100", "missing_lines": 0, "excluded_lines": 0, "percent_statements_covered": 100.0, "percent_statements_covered_display": "100"}, "missing_lines": [], "excluded_lines": [], "start_line": 20}, "TriageResult": {"executed_lines": [], "summary": {"covered_lines": 0, "num_statements": 1, "percent_covered": 0.0, "percent_covered_display": "0", "missing_lines": 1, "excluded_lines": 0, "percent_statements_covered": 0.0, "percent_statements_covered_display": "0"}, "missing_lines": [38], "excluded_lines": [], "start_line": 27}, "": {"executed_lines": [58, 59, 61, 62, 63, 65, 66], "summary": {"covered_lines": 7, "num_statements": 72, "percent_covered": 9.722222222222221, "percent_covered_display": "10", "missing_lines": 65, "excluded_lines": 0, "percent_statements_covered": 9.722222222222221, "percent_statements_covered_display": "10"}, "missing_lines": [1, 2, 3, 4, 5, 6, 7, 8, 10, 11, 13, 14, 17, 20, 21, 22, 23, 24, 27, 34, 35, 36, 41, 43, 44, 47, 69, 72, 73, 74, 75, 78, 79, 84, 88, 89, 90, 92, 95, 97, 98, 99, 101, 128, 131, 132, 133, 134, 137, 147, 150, 151, 157, 164, 165, 166, 169, 170, 171, 172, 174, 176, 177, 178, 179], "excluded_lines": [], "start_line": 1}}}, "src/testsentry/cli.py": {"executed_lines": [1, 2, 5, 6, 8, 11, 12, 13, 14, 38, 39, 40, 42, 43, 49, 51, 55, 56, 57, 58, 60, 61, 62, 65, 66, 68, 70, 71, 73, 74, 78, 80, 82, 86, 87, 89, 90, 91, 92, 93, 96, 97, 99, 101, 102, 109, 111, 115, 116, 118, 119, 120, 121, 122, 132, 133, 135, 137, 138, 140, 142, 146, 147, 149, 150, 151, 152, 153, 154, 163, 164, 181, 182, 184, 185, 186, 188, 189, 222], "summary": {"covered_lines": 79, "num_statements": 126, "percent_covered": 62.698412698412696, "percent_covered_display": "63", "missing_lines": 47, "excluded_lines": 0, "percent_statements_covered": 62.698412698412696, "percent_statements_covered_display": "63"}, "missing_lines": [16, 18, 19, 24, 26, 27, 28, 30, 31, 33, 34, 35, 52, 53, 83, 84, 112, 113, 143, 144, 166, 167, 169, 170, 171, 173, 174, 175, 176, 178, 191, 193, 195, 196, 197, 198, 200, 201, 202, 203, 204, 207, 210, 211, 212, 213, 223], "excluded_lines": [], "functions": {"cli": {"executed_lines": [8], "summary": {"covered_lines": 1, "num_statements": 1, "percent_covered": 100.0, "percent_covered_display": "100", "missing_lines": 0, "excluded_lines": 0, "percent_statements_covered": 100.0, "percent_statements_covered_display": "100"}, "missing_lines": [], "excluded_lines": [], "start_line": 6}, "scan": {"executed_lines": [], "summary": {"covered_lines": 0, "num_statements": 12, "percent_covered": 0.0, "percent_covered_display": "0", "missing_lines": 12, "excluded_lines": 0, "percent_statements_covered": 0.0, "percent_statements_covered_display": "0"}, "missing_lines": [16, 18, 19, 24, 26, 27, 28, 30, 31, 33, 34, 35], "excluded_lines": [], "start_line": 14}, "status": {"executed_lines": [42, 43, 49, 51, 55, 56, 57, 58, 60, 61, 62], "summary": {"covered_lines": 11, "num_statements": 13, "percent_covered": 84.61538461538461, "percent_covered_display": "85", "missing_lines": 2, "excluded_lines": 0, "percent_statements_covered": 84.61538461538461, "percent_statements_covered_display": "85"}, "missing_lines": [52, 53], "excluded_lines": [], "start_line": 40}, "flaky": {"executed_lines": [68, 70, 71, 73, 74, 78, 80, 82, 86, 87, 89, 90, 91, 92, 93], "summary": {"covered_lines": 15, "num_statements": 17, "percent_covered": 88.23529411764706, "percent_covered_display": "88", "missing_lines": 2, "excluded_lines": 0, "percent_statements_covered": 88.23529411764706, "percent_statements_covered_display": "88"}, "missing_lines": [83, 84], "excluded_lines": [], "start_line": 66}, "history": {"executed_lines": [99, 101, 102, 109, 111, 115, 116, 118, 119, 120, 121, 122], "summary": {"covered_lines": 12, "num_statements": 14, "percent_covered": 85.71428571428571, "percent_covered_display": "86", "missing_lines": 2, "excluded_lines": 0, "percent_statements_covered": 85.71428571428571, "percent_statements_covered_display": "86"}, "missing_lines": [112, 113], "excluded_lines": [], "start_line": 97}, "risk": {"executed_lines": [135, 137, 138, 140, 142, 146, 147, 149, 150, 151, 152, 153, 154], "summary": {"covered_lines": 13, "num_statements": 15, "percent_covered": 86.66666666666667, "percent_covered_display": "87", "missing_lines": 2, "excluded_lines": 0, "percent_statements_covered": 86.66666666666667, "percent_statements_covered_display": "87"}, "missing_lines": [143, 144], "excluded_lines": [], "start_line": 133}, "clear": {"executed_lines": [], "summary": {"covered_lines": 0, "num_statements": 10, "percent_covered": 0.0, "percent_covered_display": "0", "missing_lines": 10, "excluded_lines": 0, "percent_statements_covered": 0.0, "percent_statements_covered_display": "0"}, "missing_lines": [166, 167, 169, 170, 171, 173, 174, 175, 176, 178], "excluded_lines": [], "start_line": 164}, "version": {"executed_lines": [184, 185, 186], "summary": {"covered_lines": 3, "num_statements": 3, "percent_covered": 100.0, "percent_covered_display": "100", "missing_lines": 0, "excluded_lines": 0, "percent_statements_covered": 100.0, "percent_statements_covered_display": "100"}, "missing_lines": [], "excluded_lines": [], "start_line": 182}, "coverage": {"executed_lines": [], "summary": {"covered_lines": 0, "num_statements": 16, "percent_covered": 0.0, "percent_covered_display": "0", "missing_lines": 16, "excluded_lines": 0, "percent_statements_covered": 0.0, "percent_statements_covered_display": "0"}, "missing_lines": [191, 193, 195, 196, 197, 198, 200, 201, 202, 203, 204, 207, 210, 211, 212, 213], "excluded_lines": [], "start_line": 189}, "main": {"executed_lines": [], "summary": {"covered_lines": 0, "num_statements": 1, "percent_covered": 0.0, "percent_covered_display": "0", "missing_lines": 1, "excluded_lines": 0, "percent_statements_covered": 0.0, "percent_statements_covered_display": "0"}, "missing_lines": [223], "excluded_lines": [], "start_line": 222}, "": {"executed_lines": [1, 2, 5, 6, 11, 12, 13, 14, 38, 39, 40, 65, 66, 96, 97, 132, 133, 163, 164, 181, 182, 188, 189, 222], "summary": {"covered_lines": 24, "num_statements": 24, "percent_covered": 100.0, "percent_covered_display": "100", "missing_lines": 0, "excluded_lines": 0, "percent_statements_covered": 100.0, "percent_statements_covered_display": "100"}, "missing_lines": [], "excluded_lines": [], "start_line": 1}}, "classes": {"": {"executed_lines": [1, 2, 5, 6, 8, 11, 12, 13, 14, 38, 39, 40, 42, 43, 49, 51, 55, 56, 57, 58, 60, 61, 62, 65, 66, 68, 70, 71, 73, 74, 78, 80, 82, 86, 87, 89, 90, 91, 92, 93, 96, 97, 99, 101, 102, 109, 111, 115, 116, 118, 119, 120, 121, 122, 132, 133, 135, 137, 138, 140, 142, 146, 147, 149, 150, 151, 152, 153, 154, 163, 164, 181, 182, 184, 185, 186, 188, 189, 222], "summary": {"covered_lines": 79, "num_statements": 126, "percent_covered": 62.698412698412696, "percent_covered_display": "63", "missing_lines": 47, "excluded_lines": 0, "percent_statements_covered": 62.698412698412696, "percent_statements_covered_display": "63"}, "missing_lines": [16, 18, 19, 24, 26, 27, 28, 30, 31, 33, 34, 35, 52, 53, 83, 84, 112, 113, 143, 144, 166, 167, 169, 170, 171, 173, 174, 175, 176, 178, 191, 193, 195, 196, 197, 198, 200, 201, 202, 203, 204, 207, 210, 211, 212, 213, 223], "excluded_lines": [], "start_line": 1}}}, "src/testsentry/collector.py": {"executed_lines": [11, 19, 20, 31, 41, 53, 54, 62, 63, 76, 98, 99, 106, 108, 113, 114, 123, 124, 132, 133, 148], "summary": {"covered_lines": 21, "num_statements": 35, "percent_covered": 60.0, "percent_covered_display": "60", "missing_lines": 14, "excluded_lines": 0, "percent_statements_covered": 60.0, "percent_statements_covered_display": "60"}, "missing_lines": [1, 2, 3, 6, 9, 14, 57, 79, 83, 84, 90, 91, 93, 127], "excluded_lines": [], "functions": {"get_connection": {"executed_lines": [11], "summary": {"covered_lines": 1, "num_statements": 1, "percent_covered": 100.0, "percent_covered_display": "100", "missing_lines": 0, "excluded_lines": 0, "percent_statements_covered": 100.0, "percent_statements_covered_display": "100"}, "missing_lines": [], "excluded_lines": [], "start_line": 9}, "init_db": {"executed_lines": [19, 20, 31, 41, 53, 54], "summary": {"covered_lines": 6, "num_statements": 6, "percent_covered": 100.0, "percent_covered_display": "100", "missing_lines": 0, "excluded_lines": 0, "percent_statements_covered": 100.0, "percent_statements_covered_display": "100"}, "missing_lines": [], "excluded_lines": [], "start_line": 14}, "store_result": {"executed_lines": [62, 63, 76], "summary": {"covered_lines": 3, "num_statements": 3, "percent_covered": 100.0, "percent_covered_display": "100", "missing_lines": 0, "excluded_lines": 0, "percent_statements_covered": 100.0, "percent_statements_covered_display": "100"}, "missing_lines": [], "excluded_lines": [], "start_line": 57}, "get_recent_runs": {"executed_lines": [], "summary": {"covered_lines": 0, "num_statements": 4, "percent_covered": 0.0, "percent_covered_display": "0", "missing_lines": 4, "excluded_lines": 0, "percent_statements_covered": 0.0, "percent_statements_covered_display": "0"}, "missing_lines": [83, 84, 90, 91], "excluded_lines": [], "start_line": 79}, "cache_lookup": {"executed_lines": [98, 99, 106, 108, 113, 114, 123, 124], "summary": {"covered_lines": 8, "num_statements": 8, "percent_covered": 100.0, "percent_covered_display": "100", "missing_lines": 0, "excluded_lines": 0, "percent_statements_covered": 100.0, "percent_statements_covered_display": "100"}, "missing_lines": [], "excluded_lines": [], "start_line": 93}, "cache_store": {"executed_lines": [132, 133, 148], "summary": {"covered_lines": 3, "num_statements": 3, "percent_covered": 100.0, "percent_covered_display": "100", "missing_lines": 0, "excluded_lines": 0, "percent_statements_covered": 100.0, "percent_statements_covered_display": "100"}, "missing_lines": [], "excluded_lines": [], "start_line": 127}, "": {"executed_lines": [], "summary": {"covered_lines": 0, "num_statements": 10, "percent_covered": 0.0, "percent_covered_display": "0", "missing_lines": 10, "excluded_lines": 0, "percent_statements_covered": 0.0, "percent_statements_covered_display": "0"}, "missing_lines": [1, 2, 3, 6, 9, 14, 57, 79, 93, 127], "excluded_lines": [], "start_line": 1}}, "classes": {"": {"executed_lines": [11, 19, 20, 31, 41, 53, 54, 62, 63, 76, 98, 99, 106, 108, 113, 114, 123, 124, 132, 133, 148], "summary": {"covered_lines": 21, "num_statements": 35, "percent_covered": 60.0, "percent_covered_display": "60", "missing_lines": 14, "excluded_lines": 0, "percent_statements_covered": 60.0, "percent_statements_covered_display": "60"}, "missing_lines": [1, 2, 3, 6, 9, 14, 57, 79, 83, 84, 90, 91, 93, 127], "excluded_lines": [], "start_line": 1}}}, "src/testsentry/coverage_analyzer.py": {"executed_lines": [1, 2, 3, 4, 7, 42, 47, 48, 49, 50, 52, 53, 54, 55, 62, 69, 72, 76, 77, 79, 81, 83, 85, 88, 91], "summary": {"covered_lines": 25, "num_statements": 53, "percent_covered": 47.16981132075472, "percent_covered_display": "47", "missing_lines": 28, "excluded_lines": 0, "percent_statements_covered": 47.16981132075472, "percent_statements_covered_display": "47"}, "missing_lines": [12, 14, 25, 26, 27, 29, 30, 31, 32, 34, 36, 37, 39, 66, 67, 80, 82, 84, 86, 95, 96, 97, 99, 102, 114, 115, 128, 129], "excluded_lines": [], "functions": {"run_coverage": {"executed_lines": [], "summary": {"covered_lines": 0, "num_statements": 13, "percent_covered": 0.0, "percent_covered_display": "0", "missing_lines": 13, "excluded_lines": 0, "percent_statements_covered": 0.0, "percent_statements_covered_display": "0"}, "missing_lines": [12, 14, 25, 26, 27, 29, 30, 31, 32, 34, 36, 37, 39], "excluded_lines": [], "start_line": 7}, "get_coverage_summary": {"executed_lines": [47, 48, 49, 50, 52, 53, 54, 55, 62, 69], "summary": {"covered_lines": 10, "num_statements": 12, "percent_covered": 83.33333333333333, "percent_covered_display": "83", "missing_lines": 2, "excluded_lines": 0, "percent_statements_covered": 83.33333333333333, "percent_statements_covered_display": "83"}, "missing_lines": [66, 67], "excluded_lines": [], "start_line": 42}, "get_coverage_score": {"executed_lines": [76, 77, 79, 81, 83, 85, 88], "summary": {"covered_lines": 7, "num_statements": 11, "percent_covered": 63.63636363636363, "percent_covered_display": "64", "missing_lines": 4, "excluded_lines": 0, "percent_statements_covered": 63.63636363636363, "percent_statements_covered_display": "64"}, "missing_lines": [80, 82, 84, 86], "excluded_lines": [], "start_line": 72}, "store_coverage_in_db": {"executed_lines": [], "summary": {"covered_lines": 0, "num_statements": 9, "percent_covered": 0.0, "percent_covered_display": "0", "missing_lines": 9, "excluded_lines": 0, "percent_statements_covered": 0.0, "percent_statements_covered_display": "0"}, "missing_lines": [95, 96, 97, 99, 102, 114, 115, 128, 129], "excluded_lines": [], "start_line": 91}, "": {"executed_lines": [1, 2, 3, 4, 7, 42, 72, 91], "summary": {"covered_lines": 8, "num_statements": 8, "percent_covered": 100.0, "percent_covered_display": "100", "missing_lines": 0, "excluded_lines": 0, "percent_statements_covered": 100.0, "percent_statements_covered_display": "100"}, "missing_lines": [], "excluded_lines": [], "start_line": 1}}, "classes": {"": {"executed_lines": [1, 2, 3, 4, 7, 42, 47, 48, 49, 50, 52, 53, 54, 55, 62, 69, 72, 76, 77, 79, 81, 83, 85, 88, 91], "summary": {"covered_lines": 25, "num_statements": 53, "percent_covered": 47.16981132075472, "percent_covered_display": "47", "missing_lines": 28, "excluded_lines": 0, "percent_statements_covered": 47.16981132075472, "percent_statements_covered_display": "47"}, "missing_lines": [12, 14, 25, 26, 27, 29, 30, 31, 32, 34, 36, 37, 39, 66, 67, 80, 82, 84, 86, 95, 96, 97, 99, 102, 114, 115, 128, 129], "excluded_lines": [], "start_line": 1}}}, "src/testsentry/fingerprinter.py": {"executed_lines": [17, 18, 20, 23, 26, 29, 32, 35, 38, 41, 43, 54, 55, 56], "summary": {"covered_lines": 14, "num_statements": 18, "percent_covered": 77.77777777777777, "percent_covered_display": "78", "missing_lines": 4, "excluded_lines": 0, "percent_statements_covered": 77.77777777777777, "percent_statements_covered_display": "78"}, "missing_lines": [1, 2, 5, 46], "excluded_lines": [], "functions": {"normalise_trace": {"executed_lines": [17, 18, 20, 23, 26, 29, 32, 35, 38, 41, 43], "summary": {"covered_lines": 11, "num_statements": 11, "percent_covered": 100.0, "percent_covered_display": "100", "missing_lines": 0, "excluded_lines": 0, "percent_statements_covered": 100.0, "percent_statements_covered_display": "100"}, "missing_lines": [], "excluded_lines": [], "start_line": 5}, "fingerprint": {"executed_lines": [54, 55, 56], "summary": {"covered_lines": 3, "num_statements": 3, "percent_covered": 100.0, "percent_covered_display": "100", "missing_lines": 0, "excluded_lines": 0, "percent_statements_covered": 100.0, "percent_statements_covered_display": "100"}, "missing_lines": [], "excluded_lines": [], "start_line": 46}, "": {"executed_lines": [], "summary": {"covered_lines": 0, "num_statements": 4, "percent_covered": 0.0, "percent_covered_display": "0", "missing_lines": 4, "excluded_lines": 0, "percent_statements_covered": 0.0, "percent_statements_covered_display": "0"}, "missing_lines": [1, 2, 5, 46], "excluded_lines": [], "start_line": 1}}, "classes": {"": {"executed_lines": [17, 18, 20, 23, 26, 29, 32, 35, 38, 41, 43, 54, 55, 56], "summary": {"covered_lines": 14, "num_statements": 18, "percent_covered": 77.77777777777777, "percent_covered_display": "78", "missing_lines": 4, "excluded_lines": 0, "percent_statements_covered": 77.77777777777777, "percent_statements_covered_display": "78"}, "missing_lines": [1, 2, 5, 46], "excluded_lines": [], "start_line": 1}}}, "src/testsentry/flakiness_analyzer.py": {"executed_lines": [23, 25, 33, 35, 48, 49, 50, 51, 53, 55, 56, 57, 59, 60, 61, 64, 67, 68, 69, 70, 72, 73, 75, 78, 79, 90, 266, 269, 270, 277, 283, 285, 286, 287, 288, 289, 292, 294, 312, 314, 315, 316, 317, 319, 321, 322, 323, 325], "summary": {"covered_lines": 48, "num_statements": 121, "percent_covered": 39.66942148760331, "percent_covered_display": "40", "missing_lines": 73, "excluded_lines": 0, "percent_statements_covered": 39.66942148760331, "percent_statements_covered_display": "40"}, "missing_lines": [1, 2, 3, 6, 36, 58, 62, 80, 81, 82, 83, 85, 86, 87, 88, 103, 120, 122, 130, 132, 133, 135, 136, 138, 139, 140, 141, 143, 144, 146, 147, 148, 150, 151, 152, 154, 155, 156, 158, 159, 160, 161, 162, 163, 164, 165, 167, 170, 179, 197, 199, 207, 209, 218, 219, 221, 222, 223, 225, 228, 229, 232, 233, 234, 237, 246, 247, 248, 249, 251, 253, 261, 297], "excluded_lines": [], "functions": {"calculate_flakiness_per_test": {"executed_lines": [23, 25, 33, 35, 48, 49, 50, 51, 53, 55, 56, 57, 59, 60, 61, 64, 67, 68, 69, 70, 72, 73, 75, 78, 79, 90], "summary": {"covered_lines": 26, "num_statements": 37, "percent_covered": 70.27027027027027, "percent_covered_display": "70", "missing_lines": 11, "excluded_lines": 0, "percent_statements_covered": 70.27027027027027, "percent_statements_covered_display": "70"}, "missing_lines": [36, 58, 62, 80, 81, 82, 83, 85, 86, 87, 88], "excluded_lines": [], "start_line": 6}, "detect_time_patterns": {"executed_lines": [], "summary": {"covered_lines": 0, "num_statements": 32, "percent_covered": 0.0, "percent_covered_display": "0", "missing_lines": 32, "excluded_lines": 0, "percent_statements_covered": 0.0, "percent_statements_covered_display": "0"}, "missing_lines": [120, 122, 130, 132, 133, 135, 136, 138, 139, 140, 141, 143, 144, 146, 147, 148, 150, 151, 152, 154, 155, 156, 158, 159, 160, 161, 162, 163, 164, 165, 167, 170], "excluded_lines": [], "start_line": 103}, "detect_error_patterns": {"executed_lines": [], "summary": {"covered_lines": 0, "num_statements": 22, "percent_covered": 0.0, "percent_covered_display": "0", "missing_lines": 22, "excluded_lines": 0, "percent_statements_covered": 0.0, "percent_statements_covered_display": "0"}, "missing_lines": [197, 199, 207, 209, 218, 219, 221, 222, 223, 225, 228, 229, 232, 233, 234, 237, 246, 247, 248, 249, 251, 253], "excluded_lines": [], "start_line": 179}, "get_all_flaky_tests": {"executed_lines": [266, 269, 270, 277, 283, 285, 286, 287, 288, 289, 292, 294], "summary": {"covered_lines": 12, "num_statements": 12, "percent_covered": 100.0, "percent_covered_display": "100", "missing_lines": 0, "excluded_lines": 0, "percent_statements_covered": 100.0, "percent_statements_covered_display": "100"}, "missing_lines": [], "excluded_lines": [], "start_line": 261}, "get_flakiness_summary": {"executed_lines": [312, 314, 315, 316, 317, 319, 321, 322, 323, 325], "summary": {"covered_lines": 10, "num_statements": 10, "percent_covered": 100.0, "percent_covered_display": "100", "missing_lines": 0, "excluded_lines": 0, "percent_statements_covered": 100.0, "percent_statements_covered_display": "100"}, "missing_lines": [], "excluded_lines": [], "start_line": 297}, "": {"executed_lines": [], "summary": {"covered_lines": 0, "num_statements": 8, "percent_covered": 0.0, "percent_covered_display": "0", "missing_lines": 8, "excluded_lines": 0, "percent_statements_covered": 0.0, "percent_statements_covered_display": "0"}, "missing_lines": [1, 2, 3, 6, 103, 179, 261, 297], "excluded_lines": [], "start_line": 1}}, "classes": {"": {"executed_lines": [23, 25, 33, 35, 48, 49, 50, 51, 53, 55, 56, 57, 59, 60, 61, 64, 67, 68, 69, 70, 72, 73, 75, 78, 79, 90, 266, 269, 270, 277, 283, 285, 286, 287, 288, 289, 292, 294, 312, 314, 315, 316, 317, 319, 321, 322, 323, 325], "summary": {"covered_lines": 48, "num_statements": 121, "percent_covered": 39.66942148760331, "percent_covered_display": "40", "missing_lines": 73, "excluded_lines": 0, "percent_statements_covered": 39.66942148760331, "percent_statements_covered_display": "40"}, "missing_lines": [1, 2, 3, 6, 36, 58, 62, 80, 81, 82, 83, 85, 86, 87, 88, 103, 120, 122, 130, 132, 133, 135, 136, 138, 139, 140, 141, 143, 144, 146, 147, 148, 150, 151, 152, 154, 155, 156, 158, 159, 160, 161, 162, 163, 164, 165, 167, 170, 179, 197, 199, 207, 209, 218, 219, 221, 222, 223, 225, 228, 229, 232, 233, 234, 237, 246, 247, 248, 249, 251, 253, 261, 297], "excluded_lines": [], "start_line": 1}}}, "src/testsentry/health_engine.py": {"executed_lines": [17, 20, 26, 28, 29, 30, 31, 41, 49, 50, 51, 53, 54, 55, 57, 59, 62, 66, 76, 78, 80, 81, 92, 100, 101, 102, 104, 105, 106, 107, 108, 109, 110, 113, 117, 124, 126, 127, 137, 140, 141, 144, 152, 171, 172, 173, 174, 175, 177, 178, 180], "summary": {"covered_lines": 51, "num_statements": 78, "percent_covered": 65.38461538461539, "percent_covered_display": "65", "missing_lines": 27, "excluded_lines": 0, "percent_statements_covered": 65.38461538461539, "percent_statements_covered_display": "65"}, "missing_lines": [1, 2, 5, 32, 33, 34, 35, 37, 56, 58, 60, 79, 82, 83, 84, 85, 87, 111, 128, 129, 130, 131, 132, 133, 135, 169, 176], "excluded_lines": [], "functions": {"calculate_health_score": {"executed_lines": [17, 20, 26, 28, 29, 30, 31, 41, 49, 50, 51, 53, 54, 55, 57, 59, 62, 66, 76, 78, 80, 81, 92, 100, 101, 102, 104, 105, 106, 107, 108, 109, 110, 113, 117, 124, 126, 127, 137, 140, 141, 144, 152], "summary": {"covered_lines": 43, "num_statements": 65, "percent_covered": 66.15384615384616, "percent_covered_display": "66", "missing_lines": 22, "excluded_lines": 0, "percent_statements_covered": 66.15384615384616, "percent_statements_covered_display": "66"}, "missing_lines": [32, 33, 34, 35, 37, 56, 58, 60, 79, 82, 83, 84, 85, 87, 111, 128, 129, 130, 131, 132, 133, 135], "excluded_lines": [], "start_line": 5}, "get_grade": {"executed_lines": [171, 172, 173, 174, 175, 177, 178, 180], "summary": {"covered_lines": 8, "num_statements": 9, "percent_covered": 88.88888888888889, "percent_covered_display": "89", "missing_lines": 1, "excluded_lines": 0, "percent_statements_covered": 88.88888888888889, "percent_statements_covered_display": "89"}, "missing_lines": [176], "excluded_lines": [], "start_line": 169}, "": {"executed_lines": [], "summary": {"covered_lines": 0, "num_statements": 4, "percent_covered": 0.0, "percent_covered_display": "0", "missing_lines": 4, "excluded_lines": 0, "percent_statements_covered": 0.0, "percent_statements_covered_display": "0"}, "missing_lines": [1, 2, 5, 169], "excluded_lines": [], "start_line": 1}}, "classes": {"": {"executed_lines": [17, 20, 26, 28, 29, 30, 31, 41, 49, 50, 51, 53, 54, 55, 57, 59, 62, 66, 76, 78, 80, 81, 92, 100, 101, 102, 104, 105, 106, 107, 108, 109, 110, 113, 117, 124, 126, 127, 137, 140, 141, 144, 152, 171, 172, 173, 174, 175, 177, 178, 180], "summary": {"covered_lines": 51, "num_statements": 78, "percent_covered": 65.38461538461539, "percent_covered_display": "65", "missing_lines": 27, "excluded_lines": 0, "percent_statements_covered": 65.38461538461539, "percent_statements_covered_display": "65"}, "missing_lines": [1, 2, 5, 32, 33, 34, 35, 37, 56, 58, 60, 79, 82, 83, 84, 85, 87, 111, 128, 129, 130, 131, 132, 133, 135, 169, 176], "excluded_lines": [], "start_line": 1}}}, "src/testsentry/ownership_mapper.py": {"executed_lines": [12, 13, 18, 20, 21, 22, 23, 25, 29, 37, 38, 42, 44, 45, 46, 47, 51, 66, 67, 69, 70, 76, 79, 80, 82, 83, 86, 95, 96, 98, 100, 101, 103, 104, 105, 107, 108, 110, 112, 114, 115, 116, 117, 119, 121, 131, 133], "summary": {"covered_lines": 47, "num_statements": 62, "percent_covered": 75.80645161290323, "percent_covered_display": "76", "missing_lines": 15, "excluded_lines": 0, "percent_statements_covered": 75.80645161290323, "percent_statements_covered_display": "76"}, "missing_lines": [1, 2, 3, 6, 14, 15, 16, 26, 27, 32, 39, 40, 48, 49, 54], "excluded_lines": [], "functions": {"get_file_owners": {"executed_lines": [12, 13, 18, 20, 21, 22, 23, 25, 29], "summary": {"covered_lines": 9, "num_statements": 14, "percent_covered": 64.28571428571429, "percent_covered_display": "64", "missing_lines": 5, "excluded_lines": 0, "percent_statements_covered": 64.28571428571429, "percent_statements_covered_display": "64"}, "missing_lines": [14, 15, 16, 26, 27], "excluded_lines": [], "start_line": 6}, "get_file_change_frequency": {"executed_lines": [37, 38, 42, 44, 45, 46, 47, 51], "summary": {"covered_lines": 8, "num_statements": 12, "percent_covered": 66.66666666666667, "percent_covered_display": "67", "missing_lines": 4, "excluded_lines": 0, "percent_statements_covered": 66.66666666666667, "percent_statements_covered_display": "67"}, "missing_lines": [39, 40, 48, 49], "excluded_lines": [], "start_line": 32}, "get_at_risk_modules": {"executed_lines": [66, 67, 69, 70, 76, 79, 80, 82, 83, 86, 95, 96, 98, 100, 101, 103, 104, 105, 107, 108, 110, 112, 114, 115, 116, 117, 119, 121, 131, 133], "summary": {"covered_lines": 30, "num_statements": 30, "percent_covered": 100.0, "percent_covered_display": "100", "missing_lines": 0, "excluded_lines": 0, "percent_statements_covered": 100.0, "percent_statements_covered_display": "100"}, "missing_lines": [], "excluded_lines": [], "start_line": 54}, "": {"executed_lines": [], "summary": {"covered_lines": 0, "num_statements": 6, "percent_covered": 0.0, "percent_covered_display": "0", "missing_lines": 6, "excluded_lines": 0, "percent_statements_covered": 0.0, "percent_statements_covered_display": "0"}, "missing_lines": [1, 2, 3, 6, 32, 54], "excluded_lines": [], "start_line": 1}}, "classes": {"": {"executed_lines": [12, 13, 18, 20, 21, 22, 23, 25, 29, 37, 38, 42, 44, 45, 46, 47, 51, 66, 67, 69, 70, 76, 79, 80, 82, 83, 86, 95, 96, 98, 100, 101, 103, 104, 105, 107, 108, 110, 112, 114, 115, 116, 117, 119, 121, 131, 133], "summary": {"covered_lines": 47, "num_statements": 62, "percent_covered": 75.80645161290323, "percent_covered_display": "76", "missing_lines": 15, "excluded_lines": 0, "percent_statements_covered": 75.80645161290323, "percent_statements_covered_display": "76"}, "missing_lines": [1, 2, 3, 6, 14, 15, 16, 26, 27, 32, 39, 40, 48, 49, 54], "excluded_lines": [], "start_line": 1}}}, "src/testsentry/plugin.py": {"executed_lines": [16, 17, 52, 54, 56, 57, 64, 66, 68, 77, 79], "summary": {"covered_lines": 11, "num_statements": 42, "percent_covered": 26.19047619047619, "percent_covered_display": "26", "missing_lines": 31, "excluded_lines": 0, "percent_statements_covered": 26.19047619047619, "percent_statements_covered_display": "26"}, "missing_lines": [1, 2, 3, 4, 5, 6, 7, 8, 11, 14, 22, 27, 28, 29, 30, 31, 32, 33, 34, 35, 36, 37, 39, 41, 42, 46, 47, 80, 81, 82, 83], "excluded_lines": [], "functions": {"pytest_configure": {"executed_lines": [16, 17], "summary": {"covered_lines": 2, "num_statements": 2, "percent_covered": 100.0, "percent_covered_display": "100", "missing_lines": 0, "excluded_lines": 0, "percent_statements_covered": 100.0, "percent_statements_covered_display": "100"}, "missing_lines": [], "excluded_lines": [], "start_line": 14}, "pytest_sessionfinish": {"executed_lines": [], "summary": {"covered_lines": 0, "num_statements": 14, "percent_covered": 0.0, "percent_covered_display": "0", "missing_lines": 14, "excluded_lines": 0, "percent_statements_covered": 0.0, "percent_statements_covered_display": "0"}, "missing_lines": [27, 28, 29, 30, 31, 32, 33, 34, 35, 36, 37, 39, 41, 42], "excluded_lines": [], "start_line": 22}, "pytest_runtest_makereport": {"executed_lines": [52, 54, 56, 57, 64, 66, 68, 77, 79], "summary": {"covered_lines": 9, "num_statements": 13, "percent_covered": 69.23076923076923, "percent_covered_display": "69", "missing_lines": 4, "excluded_lines": 0, "percent_statements_covered": 69.23076923076923, "percent_statements_covered_display": "69"}, "missing_lines": [80, 81, 82, 83], "excluded_lines": [], "start_line": 47}, "": {"executed_lines": [], "summary": {"covered_lines": 0, "num_statements": 13, "percent_covered": 0.0, "percent_covered_display": "0", "missing_lines": 13, "excluded_lines": 0, "percent_statements_covered": 0.0, "percent_statements_covered_display": "0"}, "missing_lines": [1, 2, 3, 4, 5, 6, 7, 8, 11, 14, 22, 46, 47], "excluded_lines": [], "start_line": 1}}, "classes": {"": {"executed_lines": [16, 17, 52, 54, 56, 57, 64, 66, 68, 77, 79], "summary": {"covered_lines": 11, "num_statements": 42, "percent_covered": 26.19047619047619, "percent_covered_display": "26", "missing_lines": 31, "excluded_lines": 0, "percent_statements_covered": 26.19047619047619, "percent_statements_covered_display": "26"}, "missing_lines": [1, 2, 3, 4, 5, 6, 7, 8, 11, 14, 22, 27, 28, 29, 30, 31, 32, 33, 34, 35, 36, 37, 39, 41, 42, 46, 47, 80, 81, 82, 83], "excluded_lines": [], "start_line": 1}}}, "src/testsentry/regression_detector.py": {"executed_lines": [16, 17, 19, 22, 31, 33, 34, 36, 39, 40, 41, 42, 43, 46, 48], "summary": {"covered_lines": 15, "num_statements": 28, "percent_covered": 53.57142857142857, "percent_covered_display": "54", "missing_lines": 13, "excluded_lines": 0, "percent_statements_covered": 53.57142857142857, "percent_statements_covered_display": "54"}, "missing_lines": [1, 4, 44, 51, 56, 58, 65, 68, 77, 78, 79, 80, 82], "excluded_lines": [], "functions": {"label_test": {"executed_lines": [16, 17, 19, 22, 31, 33, 34, 36, 39, 40, 41, 42, 43, 46, 48], "summary": {"covered_lines": 15, "num_statements": 16, "percent_covered": 93.75, "percent_covered_display": "94", "missing_lines": 1, "excluded_lines": 0, "percent_statements_covered": 93.75, "percent_statements_covered_display": "94"}, "missing_lines": [44], "excluded_lines": [], "start_line": 4}, "get_regression_summary": {"executed_lines": [], "summary": {"covered_lines": 0, "num_statements": 9, "percent_covered": 0.0, "percent_covered_display": "0", "missing_lines": 9, "excluded_lines": 0, "percent_statements_covered": 0.0, "percent_statements_covered_display": "0"}, "missing_lines": [56, 58, 65, 68, 77, 78, 79, 80, 82], "excluded_lines": [], "start_line": 51}, "": {"executed_lines": [], "summary": {"covered_lines": 0, "num_statements": 3, "percent_covered": 0.0, "percent_covered_display": "0", "missing_lines": 3, "excluded_lines": 0, "percent_statements_covered": 0.0, "percent_statements_covered_display": "0"}, "missing_lines": [1, 4, 51], "excluded_lines": [], "start_line": 1}}, "classes": {"": {"executed_lines": [16, 17, 19, 22, 31, 33, 34, 36, 39, 40, 41, 42, 43, 46, 48], "summary": {"covered_lines": 15, "num_statements": 28, "percent_covered": 53.57142857142857, "percent_covered_display": "54", "missing_lines": 13, "excluded_lines": 0, "percent_statements_covered": 53.57142857142857, "percent_statements_covered_display": "54"}, "missing_lines": [1, 4, 44, 51, 56, 58, 65, 68, 77, 78, 79, 80, 82], "excluded_lines": [], "start_line": 1}}}, "src/testsentry/report_generator.py": {"executed_lines": [13, 15, 20, 24, 28, 30], "summary": {"covered_lines": 6, "num_statements": 31, "percent_covered": 19.35483870967742, "percent_covered_display": "19", "missing_lines": 25, "excluded_lines": 0, "percent_statements_covered": 19.35483870967742, "percent_statements_covered_display": "19"}, "missing_lines": [1, 2, 3, 5, 6, 7, 8, 11, 37, 43, 44, 46, 47, 48, 49, 50, 52, 55, 56, 57, 59, 68, 69, 71, 72], "excluded_lines": [], "functions": {"get_ai_stats": {"executed_lines": [13, 15, 20, 24, 28, 30], "summary": {"covered_lines": 6, "num_statements": 6, "percent_covered": 100.0, "percent_covered_display": "100", "missing_lines": 0, "excluded_lines": 0, "percent_statements_covered": 100.0, "percent_statements_covered_display": "100"}, "missing_lines": [], "excluded_lines": [], "start_line": 11}, "generate_report": {"executed_lines": [], "summary": {"covered_lines": 0, "num_statements": 16, "percent_covered": 0.0, "percent_covered_display": "0", "missing_lines": 16, "excluded_lines": 0, "percent_statements_covered": 0.0, "percent_statements_covered_display": "0"}, "missing_lines": [43, 44, 46, 47, 48, 49, 50, 52, 55, 56, 57, 59, 68, 69, 71, 72], "excluded_lines": [], "start_line": 37}, "": {"executed_lines": [], "summary": {"covered_lines": 0, "num_statements": 9, "percent_covered": 0.0, "percent_covered_display": "0", "missing_lines": 9, "excluded_lines": 0, "percent_statements_covered": 0.0, "percent_statements_covered_display": "0"}, "missing_lines": [1, 2, 3, 5, 6, 7, 8, 11, 37], "excluded_lines": [], "start_line": 1}}, "classes": {"": {"executed_lines": [13, 15, 20, 24, 28, 30], "summary": {"covered_lines": 6, "num_statements": 31, "percent_covered": 19.35483870967742, "percent_covered_display": "19", "missing_lines": 25, "excluded_lines": 0, "percent_statements_covered": 19.35483870967742, "percent_statements_covered_display": "19"}, "missing_lines": [1, 2, 3, 5, 6, 7, 8, 11, 37, 43, 44, 46, 47, 48, 49, 50, 52, 55, 56, 57, 59, 68, 69, 71, 72], "excluded_lines": [], "start_line": 1}}}}, "totals": {"covered_lines": 324, "num_statements": 667, "percent_covered": 48.57571214392804, "percent_covered_display": "49", "missing_lines": 343, "excluded_lines": 0, "percent_statements_covered": 48.57571214392804, "percent_statements_covered_display": "49"}}